{"numFailedTestSuites":1,"numFailedTests":1,"numPassedTestSuites":15,"numPassedTests":194,"numPendingTestSuites":1,"numPendingTests":6,"numRuntimeErrorTestSuites":0,"numTodoTests":0,"numTotalTestSuites":17,"numTotalTests":201,"openHandles":[],"snapshot":{"added":0,"didUpdate":false,"failure":false,"filesAdded":0,"filesRemoved":0,"filesRemovedList":[],"filesUnmatched":0,"filesUpdated":0,"matched":0,"total":0,"unchecked":0,"uncheckedKeysByFile":[],"unmatched":0,"updated":0},"startTime":1756243789029,"success":false,"testResults":[{"assertionResults":[{"ancestorTitles":["CancelWarningModal"],"duration":22,"failing":false,"failureDetails":[],"failureMessages":[],"fullName":"CancelWarningModal renders modal when isOpen is true","invocations":1,"location":null,"numPassingAsserts":1,"retryReasons":[],"startAt":1756243789319,"status":"passed","title":"renders modal when isOpen is true"},{"ancestorTitles":["CancelWarningModal"],"duration":1,"failing":false,"failureDetails":[],"failureMessages":[],"fullName":"CancelWarningModal does not render modal when isOpen is false","invocations":1,"location":null,"numPassingAsserts":1,"retryReasons":[],"startAt":1756243789341,"status":"passed","title":"does not render modal when isOpen is false"},{"ancestorTitles":["CancelWarningModal"],"duration":5,"failing":false,"failureDetails":[{"name":"TestingLibraryElementError"}],"failureMessages":["TestingLibraryElementError: Unable to find an element with the text: /Time until lesson:/. This could be because the text is broken up by multiple elements. In this case, you can provide a function for your text matcher to make your matcher more flexible.\n\nIgnored nodes: comments, script, style\n\u001b[36m<body>\u001b[39m\n  \u001b[36m<div>\u001b[39m\n    \u001b[36m<div\u001b[39m\n      \u001b[33mclass\u001b[39m=\u001b[32m\"fixed inset-0 z-50 overflow-y-auto \"\u001b[39m\n      \u001b[33mstyle\u001b[39m=\u001b[32m\"background-color: rgba(0, 0, 0, 0.5);\"\u001b[39m\n    \u001b[36m>\u001b[39m\n      \u001b[36m<div\u001b[39m\n        \u001b[33mclass\u001b[39m=\u001b[32m\"flex min-h-full items-center justify-center p-4\"\u001b[39m\n      \u001b[36m>\u001b[39m\n        \u001b[36m<div\u001b[39m\n          \u001b[33mclass\u001b[39m=\u001b[32m\"bg-white rounded-xl p-6 max-w-md w-full shadow-xl\"\u001b[39m\n        \u001b[36m>\u001b[39m\n          \u001b[36m<div\u001b[39m\n            \u001b[33mclass\u001b[39m=\u001b[32m\"flex items-center gap-3 mb-4\"\u001b[39m\n          \u001b[36m>\u001b[39m\n            \u001b[36m<svg\u001b[39m\n              \u001b[33maria-hidden\u001b[39m=\u001b[32m\"true\"\u001b[39m\n              \u001b[33mclass\u001b[39m=\u001b[32m\"lucide lucide-triangle-alert h-6 w-6 text-yellow-400\"\u001b[39m\n              \u001b[33mfill\u001b[39m=\u001b[32m\"none\"\u001b[39m\n              \u001b[33mheight\u001b[39m=\u001b[32m\"24\"\u001b[39m\n              \u001b[33mstroke\u001b[39m=\u001b[32m\"currentColor\"\u001b[39m\n              \u001b[33mstroke-linecap\u001b[39m=\u001b[32m\"round\"\u001b[39m\n              \u001b[33mstroke-linejoin\u001b[39m=\u001b[32m\"round\"\u001b[39m\n              \u001b[33mstroke-width\u001b[39m=\u001b[32m\"2\"\u001b[39m\n              \u001b[33mviewBox\u001b[39m=\u001b[32m\"0 0 24 24\"\u001b[39m\n              \u001b[33mwidth\u001b[39m=\u001b[32m\"24\"\u001b[39m\n              \u001b[33mxmlns\u001b[39m=\u001b[32m\"http://www.w3.org/2000/svg\"\u001b[39m\n            \u001b[36m>\u001b[39m\n              \u001b[36m<path\u001b[39m\n                \u001b[33md\u001b[39m=\u001b[32m\"m21.73 18-8-14a2 2 0 0 0-3.48 0l-8 14A2 2 0 0 0 4 21h16a2 2 0 0 0 1.73-3\"\u001b[39m\n              \u001b[36m/>\u001b[39m\n              \u001b[36m<path\u001b[39m\n                \u001b[33md\u001b[39m=\u001b[32m\"M12 9v4\"\u001b[39m\n              \u001b[36m/>\u001b[39m\n              \u001b[36m<path\u001b[39m\n                \u001b[33md\u001b[39m=\u001b[32m\"M12 17h.01\"\u001b[39m\n              \u001b[36m/>\u001b[39m\n            \u001b[36m</svg>\u001b[39m\n            \u001b[36m<h2\u001b[39m\n              \u001b[33mclass\u001b[39m=\u001b[32m\"text-xl font-semibold text-gray-900\"\u001b[39m\n            \u001b[36m>\u001b[39m\n              \u001b[0mCancel my lesson\u001b[0m\n            \u001b[36m</h2>\u001b[39m\n          \u001b[36m</div>\u001b[39m\n          \u001b[36m<div\u001b[39m\n            \u001b[33mclass\u001b[39m=\u001b[32m\"bg-purple-100 rounded-lg p-4 mb-4\"\u001b[39m\n          \u001b[36m>\u001b[39m\n            \u001b[36m<p\u001b[39m\n              \u001b[33mclass\u001b[39m=\u001b[32m\"text-sm mb-1\"\u001b[39m\n            \u001b[36m>\u001b[39m\n              \u001b[36m<span\u001b[39m\n                \u001b[33mclass\u001b[39m=\u001b[32m\"font-medium text-gray-700\"\u001b[39m\n              \u001b[36m>\u001b[39m\n                \u001b[0mYour lesson\u001b[0m\n              \u001b[36m</span>\u001b[39m\n              \u001b[0m \u001b[0m\n              \u001b[36m<span\u001b[39m\n                \u001b[33mclass\u001b[39m=\u001b[32m\"text-gray-900\"\u001b[39m\n              \u001b[36m>\u001b[39m\n                \u001b[0mThursday, December 25\u001b[0m\n                \u001b[0m at \u001b[0m\n                \u001b[0m2:00 PM\u001b[0m\n              \u001b[36m</span>\u001b[39m\n            \u001b[36m</p>\u001b[39m\n            \u001b[36m<p\u001b[39m\n              \u001b[33mclass\u001b[39m=\u001b[32m\"text-sm\"\u001b[39m\n            \u001b[36m>\u001b[39m\n              \u001b[36m<span\u001b[39m\n                \u001b[33mclass\u001b[39m=\u001b[32m\"font-medium text-gray-700\"\u001b[39m\n              \u001b[36m>\u001b[39m\n                \u001b[0mTime until Lesson\u001b[0m\n              \u001b[36m</span>\u001b[39m\n              \u001b[0m \u001b[0m\n              \u001b[36m<span\u001b[39m\n                \u001b[33mclass\u001b[39m=\u001b[32m\"text-gray-900\"\u001b[39m\n              \u001b[36m>\u001b[39m\n                \u001b[0m&gt; 24 hours\u001b[0m\n              \u001b[36m</span>\u001b[39m\n            \u001b[36m</p>\u001b[39m\n          \u001b[36m</div>\u001b[39m\n          \u001b[36m<div\u001b[39m\n            \u001b[33mclass\u001b[39m=\u001b[32m\"mb-4\"\u001b[39m\n          \u001b[36m>\u001b[39m\n            \u001b[36m<p\u001b[39m\n              \u001b[33mclass\u001b[39m=\u001b[32m\"text-sm text-gray-700\"\u001b[39m\n            \u001b[36m>\u001b[39m\n              \u001b[0mLife happens! You can cancel your session free of charge. Would you like to\u001b[0m\n              \u001b[0m \u001b[0m\n              \u001b[36m<button\u001b[39m\n                \u001b[33mclass\u001b[39m=\u001b[32m\"text-purple-600 hover:text-purple-700 font-medium underline cursor-pointer\"\u001b[39m\n              \u001b[36m>\u001b[39m\n                \u001b[0mreschedule\u001b[0m\n              \u001b[36m</button>\u001b[39m\n              \u001b[0m \u001b[0m\n              \u001b[0minstead?\u001b[0m\n            \u001b[36m</p>\u001b[39m\n          \u001b[36m</div>\u001b[39m\n          \u001b[36m<div\u001b[39m\n            \u001b[33mclass\u001b[39m=\u001b[32m\"mb-6\"\u001b[39m\n          \u001b[36m>\u001b[39m\n            \u001b[36m<button\u001b[39m\n              \u001b[33mclass\u001b[39m=\u001b[32m\"flex items-center gap-1 text-xs text-gray-600 hover:text-gray-700 transition-colors\"\u001b[39m\n            \u001b[36m>\u001b[39m\n              \u001b[0mSee full cancellation policy\u001b[0m\n              \u001b[36m<svg\u001b[39m\n                \u001b[33maria-hidden\u001b[39m=\u001b[32m\"true\"\u001b[39m\n                \u001b[33mclass\u001b[39m=\u001b[32m\"lucide lucide-chevron-down h-4 w-4\"\u001b[39m\n                \u001b[33mfill\u001b[39m=\u001b[32m\"none\"\u001b[39m\n                \u001b[33mheight\u001b[39m=\u001b[32m\"24\"\u001b[39m\n                \u001b[33mstroke\u001b[39m=\u001b[32m\"currentColor\"\u001b[39m\n                \u001b[33mstroke-linecap\u001b[39m=\u001b[32m\"round\"\u001b[39m\n                \u001b[33mstroke-linejoin\u001b[39m=\u001b[32m\"round\"\u001b[39m\n                \u001b[33mstroke-width\u001b[39m=\u001b[32m\"2\"\u001b[39m\n                \u001b[33mviewBox\u001b[39m=\u001b[32m\"0 0 24 24\"\u001b[39m\n                \u001b[33mwidth\u001b[39m=\u001b[32m\"24\"\u001b[39m\n                \u001b[33mxmlns\u001b[39m=\u001b[32m\"http://www.w3.org/2000/svg\"\u001b[39m\n              \u001b[36m>\u001b[39m\n                \u001b[36m<path\u001b[39m\n                  \u001b[33md\u001b[39m=\u001b[32m\"m6 9 6 6 6-6\"\u001b[39m\n                \u001b[36m/>\u001b[39m\n              \u001b[36m</svg>\u001b[39m\n            \u001b[36m</button>\u001b[39m\n          \u001b[36m</div>\u001b[39m\n          \u001b[36m<div\u001b[39m\n            \u001b[33mclass\u001b[39m=\u001b[32m\"flex gap-3\"\u001b[39m\n          \u001b[36m>\u001b[39m\n            \u001b[36m<button\u001b[39m\n              \u001b[33mclass\u001b[39m=\u001b[32m\"flex-1 py-3 px-4 bg-white text-black border-2 border-[#FFD700] rounded-lg hover:bg-[#FFD700]/10 transition-colors font-medium\"\u001b[39m\n            \u001b[36m>\u001b[39m\n              \u001b[0mKeep My Lesson\u001b[0m\n            \u001b[36m</button>\u001b[39m\n            \u001b[36m<button\u001b[39m\n              \u001b[33mclass\u001b[39m=\u001b[32m\"flex-1 py-3 px-4 bg-[#FFD700] text-black rounded-lg hover:bg-[#FFC700] transition-colors font-medium\"\u001b[39m\n            \u001b[36m>\u001b[39m\n              \u001b[0mContinue\u001b[0m\n            \u001b[36m</button>\u001b[39m\n          \u001b[36m</div>\u001b[39m\n        \u001b[36m</div>\u001b[39m\n      \u001b[36m</div>\u001b[39m\n    \u001b[36m</div>\u001b[39m\n  \u001b[36m</div>\u001b[39m\n\u001b[36m</body>\u001b[39m\n    at Object.getElementError (/Users/mehdisaedi/instructly/frontend/node_modules/@testing-library/dom/dist/config.js:37:19)\n    at /Users/mehdisaedi/instructly/frontend/node_modules/@testing-library/dom/dist/query-helpers.js:76:38\n    at /Users/mehdisaedi/instructly/frontend/node_modules/@testing-library/dom/dist/query-helpers.js:52:17\n    at /Users/mehdisaedi/instructly/frontend/node_modules/@testing-library/dom/dist/query-helpers.js:95:19\n    at Object.getByText (/Users/mehdisaedi/instructly/frontend/__tests__/lessons/modals/CancelWarningModal.test.tsx:95:19)\n    at Promise.finally.completed (/Users/mehdisaedi/instructly/frontend/node_modules/jest-circus/build/jestAdapterInit.js:1559:28)\n    at new Promise (<anonymous>)\n    at callAsyncCircusFn (/Users/mehdisaedi/instructly/frontend/node_modules/jest-circus/build/jestAdapterInit.js:1499:10)\n    at _callCircusTest (/Users/mehdisaedi/instructly/frontend/node_modules/jest-circus/build/jestAdapterInit.js:1009:40)\n    at _runTest (/Users/mehdisaedi/instructly/frontend/node_modules/jest-circus/build/jestAdapterInit.js:949:3)\n    at _runTestsForDescribeBlock (/Users/mehdisaedi/instructly/frontend/node_modules/jest-circus/build/jestAdapterInit.js:839:13)\n    at _runTestsForDescribeBlock (/Users/mehdisaedi/instructly/frontend/node_modules/jest-circus/build/jestAdapterInit.js:829:11)\n    at run (/Users/mehdisaedi/instructly/frontend/node_modules/jest-circus/build/jestAdapterInit.js:757:3)\n    at runAndTransformResultsToJestFormat (/Users/mehdisaedi/instructly/frontend/node_modules/jest-circus/build/jestAdapterInit.js:1920:21)\n    at jestAdapter (/Users/mehdisaedi/instructly/frontend/node_modules/jest-circus/build/runner.js:101:19)\n    at runTestInternal (/Users/mehdisaedi/instructly/frontend/node_modules/jest-runner/build/index.js:275:16)\n    at runTest (/Users/mehdisaedi/instructly/frontend/node_modules/jest-runner/build/index.js:343:7)"],"fullName":"CancelWarningModal shows cancellation fee information","invocations":1,"location":null,"numPassingAsserts":0,"retryReasons":[],"startAt":1756243789342,"status":"failed","title":"shows cancellation fee information"},{"ancestorTitles":["CancelWarningModal"],"duration":3,"failing":false,"failureDetails":[],"failureMessages":[],"fullName":"CancelWarningModal shows warning for late cancellation","invocations":1,"location":null,"numPassingAsserts":1,"retryReasons":[],"startAt":1756243789350,"status":"passed","title":"shows warning for late cancellation"},{"ancestorTitles":["CancelWarningModal"],"duration":21,"failing":false,"failureDetails":[],"failureMessages":[],"fullName":"CancelWarningModal calls onClose when Keep My Lesson button is clicked","invocations":1,"location":null,"numPassingAsserts":1,"retryReasons":[],"startAt":1756243789353,"status":"passed","title":"calls onClose when Keep My Lesson button is clicked"},{"ancestorTitles":["CancelWarningModal"],"duration":8,"failing":false,"failureDetails":[],"failureMessages":[],"fullName":"CancelWarningModal calls onReschedule when Continue then Reschedule is clicked","invocations":1,"location":null,"numPassingAsserts":1,"retryReasons":[],"startAt":1756243789374,"status":"passed","title":"calls onReschedule when Continue then Reschedule is clicked"},{"ancestorTitles":["CancelWarningModal"],"duration":5,"failing":false,"failureDetails":[],"failureMessages":[],"fullName":"CancelWarningModal opens cancellation reason modal when Continue button is clicked","invocations":1,"location":null,"numPassingAsserts":1,"retryReasons":[],"startAt":1756243789382,"status":"passed","title":"opens cancellation reason modal when Continue button is clicked"},{"ancestorTitles":["CancelWarningModal"],"duration":2,"failing":false,"failureDetails":[],"failureMessages":[],"fullName":"CancelWarningModal shows cancellation policy information","invocations":1,"location":null,"numPassingAsserts":1,"retryReasons":[],"startAt":1756243789387,"status":"passed","title":"shows cancellation policy information"},{"ancestorTitles":["CancelWarningModal"],"duration":2,"failing":false,"failureDetails":[],"failureMessages":[],"fullName":"CancelWarningModal shows no fee message for free cancellation","invocations":1,"location":null,"numPassingAsserts":1,"retryReasons":[],"startAt":1756243789389,"status":"passed","title":"shows no fee message for free cancellation"},{"ancestorTitles":["CancelWarningModal"],"duration":2,"failing":false,"failureDetails":[],"failureMessages":[],"fullName":"CancelWarningModal shows 50% fee for late cancellation","invocations":1,"location":null,"numPassingAsserts":1,"retryReasons":[],"startAt":1756243789391,"status":"passed","title":"shows 50% fee for late cancellation"},{"ancestorTitles":["CancelWarningModal"],"duration":2,"failing":false,"failureDetails":[],"failureMessages":[],"fullName":"CancelWarningModal shows 100% fee for very late cancellation","invocations":1,"location":null,"numPassingAsserts":1,"retryReasons":[],"startAt":1756243789393,"status":"passed","title":"shows 100% fee for very late cancellation"},{"ancestorTitles":["CancelWarningModal"],"duration":2,"failing":false,"failureDetails":[],"failureMessages":[],"fullName":"CancelWarningModal displays lesson details in the modal","invocations":1,"location":null,"numPassingAsserts":2,"retryReasons":[],"startAt":1756243789395,"status":"passed","title":"displays lesson details in the modal"}],"endTime":1756243789406,"message":"  ● CancelWarningModal › shows cancellation fee information\n\n    TestingLibraryElementError: Unable to find an element with the text: /Time until lesson:/. This could be because the text is broken up by multiple elements. In this case, you can provide a function for your text matcher to make your matcher more flexible.\n\n    Ignored nodes: comments, script, style\n    \u001b[36m<body>\u001b[39m\n      \u001b[36m<div>\u001b[39m\n        \u001b[36m<div\u001b[39m\n          \u001b[33mclass\u001b[39m=\u001b[32m\"fixed inset-0 z-50 overflow-y-auto \"\u001b[39m\n          \u001b[33mstyle\u001b[39m=\u001b[32m\"background-color: rgba(0, 0, 0, 0.5);\"\u001b[39m\n        \u001b[36m>\u001b[39m\n          \u001b[36m<div\u001b[39m\n            \u001b[33mclass\u001b[39m=\u001b[32m\"flex min-h-full items-center justify-center p-4\"\u001b[39m\n          \u001b[36m>\u001b[39m\n            \u001b[36m<div\u001b[39m\n              \u001b[33mclass\u001b[39m=\u001b[32m\"bg-white rounded-xl p-6 max-w-md w-full shadow-xl\"\u001b[39m\n            \u001b[36m>\u001b[39m\n              \u001b[36m<div\u001b[39m\n                \u001b[33mclass\u001b[39m=\u001b[32m\"flex items-center gap-3 mb-4\"\u001b[39m\n              \u001b[36m>\u001b[39m\n                \u001b[36m<svg\u001b[39m\n                  \u001b[33maria-hidden\u001b[39m=\u001b[32m\"true\"\u001b[39m\n                  \u001b[33mclass\u001b[39m=\u001b[32m\"lucide lucide-triangle-alert h-6 w-6 text-yellow-400\"\u001b[39m\n                  \u001b[33mfill\u001b[39m=\u001b[32m\"none\"\u001b[39m\n                  \u001b[33mheight\u001b[39m=\u001b[32m\"24\"\u001b[39m\n                  \u001b[33mstroke\u001b[39m=\u001b[32m\"currentColor\"\u001b[39m\n                  \u001b[33mstroke-linecap\u001b[39m=\u001b[32m\"round\"\u001b[39m\n                  \u001b[33mstroke-linejoin\u001b[39m=\u001b[32m\"round\"\u001b[39m\n                  \u001b[33mstroke-width\u001b[39m=\u001b[32m\"2\"\u001b[39m\n                  \u001b[33mviewBox\u001b[39m=\u001b[32m\"0 0 24 24\"\u001b[39m\n                  \u001b[33mwidth\u001b[39m=\u001b[32m\"24\"\u001b[39m\n                  \u001b[33mxmlns\u001b[39m=\u001b[32m\"http://www.w3.org/2000/svg\"\u001b[39m\n                \u001b[36m>\u001b[39m\n                  \u001b[36m<path\u001b[39m\n                    \u001b[33md\u001b[39m=\u001b[32m\"m21.73 18-8-14a2 2 0 0 0-3.48 0l-8 14A2 2 0 0 0 4 21h16a2 2 0 0 0 1.73-3\"\u001b[39m\n                  \u001b[36m/>\u001b[39m\n                  \u001b[36m<path\u001b[39m\n                    \u001b[33md\u001b[39m=\u001b[32m\"M12 9v4\"\u001b[39m\n                  \u001b[36m/>\u001b[39m\n                  \u001b[36m<path\u001b[39m\n                    \u001b[33md\u001b[39m=\u001b[32m\"M12 17h.01\"\u001b[39m\n                  \u001b[36m/>\u001b[39m\n                \u001b[36m</svg>\u001b[39m\n                \u001b[36m<h2\u001b[39m\n                  \u001b[33mclass\u001b[39m=\u001b[32m\"text-xl font-semibold text-gray-900\"\u001b[39m\n                \u001b[36m>\u001b[39m\n                  \u001b[0mCancel my lesson\u001b[0m\n                \u001b[36m</h2>\u001b[39m\n              \u001b[36m</div>\u001b[39m\n              \u001b[36m<div\u001b[39m\n                \u001b[33mclass\u001b[39m=\u001b[32m\"bg-purple-100 rounded-lg p-4 mb-4\"\u001b[39m\n              \u001b[36m>\u001b[39m\n                \u001b[36m<p\u001b[39m\n                  \u001b[33mclass\u001b[39m=\u001b[32m\"text-sm mb-1\"\u001b[39m\n                \u001b[36m>\u001b[39m\n                  \u001b[36m<span\u001b[39m\n                    \u001b[33mclass\u001b[39m=\u001b[32m\"font-medium text-gray-700\"\u001b[39m\n                  \u001b[36m>\u001b[39m\n                    \u001b[0mYour lesson\u001b[0m\n                  \u001b[36m</span>\u001b[39m\n                  \u001b[0m \u001b[0m\n                  \u001b[36m<span\u001b[39m\n                    \u001b[33mclass\u001b[39m=\u001b[32m\"text-gray-900\"\u001b[39m\n                  \u001b[36m>\u001b[39m\n                    \u001b[0mThursday, December 25\u001b[0m\n                    \u001b[0m at \u001b[0m\n                    \u001b[0m2:00 PM\u001b[0m\n                  \u001b[36m</span>\u001b[39m\n                \u001b[36m</p>\u001b[39m\n                \u001b[36m<p\u001b[39m\n                  \u001b[33mclass\u001b[39m=\u001b[32m\"text-sm\"\u001b[39m\n                \u001b[36m>\u001b[39m\n                  \u001b[36m<span\u001b[39m\n                    \u001b[33mclass\u001b[39m=\u001b[32m\"font-medium text-gray-700\"\u001b[39m\n                  \u001b[36m>\u001b[39m\n                    \u001b[0mTime until Lesson\u001b[0m\n                  \u001b[36m</span>\u001b[39m\n                  \u001b[0m \u001b[0m\n                  \u001b[36m<span\u001b[39m\n                    \u001b[33mclass\u001b[39m=\u001b[32m\"text-gray-900\"\u001b[39m\n                  \u001b[36m>\u001b[39m\n                    \u001b[0m&gt; 24 hours\u001b[0m\n                  \u001b[36m</span>\u001b[39m\n                \u001b[36m</p>\u001b[39m\n              \u001b[36m</div>\u001b[39m\n              \u001b[36m<div\u001b[39m\n                \u001b[33mclass\u001b[39m=\u001b[32m\"mb-4\"\u001b[39m\n              \u001b[36m>\u001b[39m\n                \u001b[36m<p\u001b[39m\n                  \u001b[33mclass\u001b[39m=\u001b[32m\"text-sm text-gray-700\"\u001b[39m\n                \u001b[36m>\u001b[39m\n                  \u001b[0mLife happens! You can cancel your session free of charge. Would you like to\u001b[0m\n                  \u001b[0m \u001b[0m\n                  \u001b[36m<button\u001b[39m\n                    \u001b[33mclass\u001b[39m=\u001b[32m\"text-purple-600 hover:text-purple-700 font-medium underline cursor-pointer\"\u001b[39m\n                  \u001b[36m>\u001b[39m\n                    \u001b[0mreschedule\u001b[0m\n                  \u001b[36m</button>\u001b[39m\n                  \u001b[0m \u001b[0m\n                  \u001b[0minstead?\u001b[0m\n                \u001b[36m</p>\u001b[39m\n              \u001b[36m</div>\u001b[39m\n              \u001b[36m<div\u001b[39m\n                \u001b[33mclass\u001b[39m=\u001b[32m\"mb-6\"\u001b[39m\n              \u001b[36m>\u001b[39m\n                \u001b[36m<button\u001b[39m\n                  \u001b[33mclass\u001b[39m=\u001b[32m\"flex items-center gap-1 text-xs text-gray-600 hover:text-gray-700 transition-colors\"\u001b[39m\n                \u001b[36m>\u001b[39m\n                  \u001b[0mSee full cancellation policy\u001b[0m\n                  \u001b[36m<svg\u001b[39m\n                    \u001b[33maria-hidden\u001b[39m=\u001b[32m\"true\"\u001b[39m\n                    \u001b[33mclass\u001b[39m=\u001b[32m\"lucide lucide-chevron-down h-4 w-4\"\u001b[39m\n                    \u001b[33mfill\u001b[39m=\u001b[32m\"none\"\u001b[39m\n                    \u001b[33mheight\u001b[39m=\u001b[32m\"24\"\u001b[39m\n                    \u001b[33mstroke\u001b[39m=\u001b[32m\"currentColor\"\u001b[39m\n                    \u001b[33mstroke-linecap\u001b[39m=\u001b[32m\"round\"\u001b[39m\n                    \u001b[33mstroke-linejoin\u001b[39m=\u001b[32m\"round\"\u001b[39m\n                    \u001b[33mstroke-width\u001b[39m=\u001b[32m\"2\"\u001b[39m\n                    \u001b[33mviewBox\u001b[39m=\u001b[32m\"0 0 24 24\"\u001b[39m\n                    \u001b[33mwidth\u001b[39m=\u001b[32m\"24\"\u001b[39m\n                    \u001b[33mxmlns\u001b[39m=\u001b[32m\"http://www.w3.org/2000/svg\"\u001b[39m\n                  \u001b[36m>\u001b[39m\n                    \u001b[36m<path\u001b[39m\n                      \u001b[33md\u001b[39m=\u001b[32m\"m6 9 6 6 6-6\"\u001b[39m\n                    \u001b[36m/>\u001b[39m\n                  \u001b[36m</svg>\u001b[39m\n                \u001b[36m</button>\u001b[39m\n              \u001b[36m</div>\u001b[39m\n              \u001b[36m<div\u001b[39m\n                \u001b[33mclass\u001b[39m=\u001b[32m\"flex gap-3\"\u001b[39m\n              \u001b[36m>\u001b[39m\n                \u001b[36m<button\u001b[39m\n                  \u001b[33mclass\u001b[39m=\u001b[32m\"flex-1 py-3 px-4 bg-white text-black border-2 border-[#FFD700] rounded-lg hover:bg-[#FFD700]/10 transition-colors font-medium\"\u001b[39m\n                \u001b[36m>\u001b[39m\n                  \u001b[0mKeep My Lesson\u001b[0m\n                \u001b[36m</button>\u001b[39m\n                \u001b[36m<button\u001b[39m\n                  \u001b[33mclass\u001b[39m=\u001b[32m\"flex-1 py-3 px-4 bg-[#FFD700] text-black rounded-lg hover:bg-[#FFC700] transition-colors font-medium\"\u001b[39m\n                \u001b[36m>\u001b[39m\n                  \u001b[0mContinue\u001b[0m\n                \u001b[36m</button>\u001b[39m\n              \u001b[36m</div>\u001b[39m\n            \u001b[36m</div>\u001b[39m\n          \u001b[36m</div>\u001b[39m\n        \u001b[36m</div>\u001b[39m\n      \u001b[36m</div>\u001b[39m\n    \u001b[36m</body>\u001b[39m\n\n      93 |\n      94 |     // Modal should show time-based message\n    > 95 |     expect(screen.getByText(/Time until lesson:/)).toBeInTheDocument();\n         |                   ^\n      96 |   });\n      97 |\n      98 |   it('shows warning for late cancellation', () => {\n\n      at Object.getElementError (node_modules/@testing-library/dom/dist/config.js:37:19)\n      at node_modules/@testing-library/dom/dist/query-helpers.js:76:38\n      at node_modules/@testing-library/dom/dist/query-helpers.js:52:17\n      at node_modules/@testing-library/dom/dist/query-helpers.js:95:19\n      at Object.getByText (__tests__/lessons/modals/CancelWarningModal.test.tsx:95:19)\n","name":"/Users/mehdisaedi/instructly/frontend/__tests__/lessons/modals/CancelWarningModal.test.tsx","startTime":1756243789164,"status":"failed","summary":""},{"assertionResults":[{"ancestorTitles":["useCreateBooking","Error Handling"],"duration":null,"failing":false,"failureDetails":[],"failureMessages":[],"fullName":"useCreateBooking Error Handling should handle 409 conflict error for student double-booking","invocations":1,"location":null,"numPassingAsserts":0,"retryReasons":[],"startAt":1756243789470,"status":"pending","title":"should handle 409 conflict error for student double-booking"},{"ancestorTitles":["useCreateBooking","Error Handling"],"duration":null,"failing":false,"failureDetails":[],"failureMessages":[],"fullName":"useCreateBooking Error Handling should handle 409 conflict error for instructor unavailability","invocations":1,"location":null,"numPassingAsserts":0,"retryReasons":[],"startAt":1756243789470,"status":"pending","title":"should handle 409 conflict error for instructor unavailability"},{"ancestorTitles":["useCreateBooking","Error Handling"],"duration":null,"failing":false,"failureDetails":[],"failureMessages":[],"fullName":"useCreateBooking Error Handling should handle 401 unauthorized error","invocations":1,"location":null,"numPassingAsserts":0,"retryReasons":[],"startAt":1756243789470,"status":"pending","title":"should handle 401 unauthorized error"},{"ancestorTitles":["useCreateBooking","Error Handling"],"duration":null,"failing":false,"failureDetails":[],"failureMessages":[],"fullName":"useCreateBooking Error Handling should handle validation errors with advance booking message","invocations":1,"location":null,"numPassingAsserts":0,"retryReasons":[],"startAt":1756243789470,"status":"pending","title":"should handle validation errors with advance booking message"},{"ancestorTitles":["useCreateBooking","Error Handling"],"duration":null,"failing":false,"failureDetails":[],"failureMessages":[],"fullName":"useCreateBooking Error Handling should reset error when calling reset","invocations":1,"location":null,"numPassingAsserts":0,"retryReasons":[],"startAt":1756243789470,"status":"pending","title":"should reset error when calling reset"},{"ancestorTitles":["useCreateBooking","Successful Booking"],"duration":null,"failing":false,"failureDetails":[],"failureMessages":[],"fullName":"useCreateBooking Successful Booking should create booking successfully","invocations":1,"location":null,"numPassingAsserts":0,"retryReasons":[],"startAt":1756243789470,"status":"pending","title":"should create booking successfully"}],"coverage":{},"endTime":1756243791188,"message":"","name":"/Users/mehdisaedi/instructly/frontend/features/student/booking/hooks/__tests__/useCreateBooking.test.ts","startTime":1756243791188,"status":"skipped","summary":""},{"assertionResults":[{"ancestorTitles":["useMyLessons hooks","useCurrentLessons"],"duration":56,"failing":false,"failureDetails":[],"failureMessages":[],"fullName":"useMyLessons hooks useCurrentLessons fetches upcoming lessons","invocations":1,"location":null,"numPassingAsserts":3,"retryReasons":[],"startAt":1756243789522,"status":"passed","title":"fetches upcoming lessons"},{"ancestorTitles":["useMyLessons hooks","useCurrentLessons"],"duration":1,"failing":false,"failureDetails":[],"failureMessages":[],"fullName":"useMyLessons hooks useCurrentLessons uses correct cache time","invocations":1,"location":null,"numPassingAsserts":1,"retryReasons":[],"startAt":1756243789578,"status":"passed","title":"uses correct cache time"},{"ancestorTitles":["useMyLessons hooks","useCompletedLessons"],"duration":53,"failing":false,"failureDetails":[],"failureMessages":[],"fullName":"useMyLessons hooks useCompletedLessons fetches completed and cancelled lessons","invocations":1,"location":null,"numPassingAsserts":2,"retryReasons":[],"startAt":1756243789579,"status":"passed","title":"fetches completed and cancelled lessons"},{"ancestorTitles":["useMyLessons hooks","useCompletedLessons"],"duration":53,"failing":false,"failureDetails":[],"failureMessages":[],"fullName":"useMyLessons hooks useCompletedLessons filters lessons correctly","invocations":1,"location":null,"numPassingAsserts":2,"retryReasons":[],"startAt":1756243789632,"status":"passed","title":"filters lessons correctly"},{"ancestorTitles":["useMyLessons hooks","useLessonDetails"],"duration":53,"failing":false,"failureDetails":[],"failureMessages":[],"fullName":"useMyLessons hooks useLessonDetails fetches lesson details by ID","invocations":1,"location":null,"numPassingAsserts":4,"retryReasons":[],"startAt":1756243789685,"status":"passed","title":"fetches lesson details by ID"},{"ancestorTitles":["useMyLessons hooks","useLessonDetails"],"duration":53,"failing":false,"failureDetails":[],"failureMessages":[],"fullName":"useMyLessons hooks useLessonDetails handles invalid lesson ID","invocations":1,"location":null,"numPassingAsserts":2,"retryReasons":[],"startAt":1756243789738,"status":"passed","title":"handles invalid lesson ID"},{"ancestorTitles":["useMyLessons hooks","useCancelLesson"],"duration":3,"failing":false,"failureDetails":[],"failureMessages":[],"fullName":"useMyLessons hooks useCancelLesson cancels a lesson successfully","invocations":1,"location":null,"numPassingAsserts":1,"retryReasons":[],"startAt":1756243789791,"status":"passed","title":"cancels a lesson successfully"},{"ancestorTitles":["useMyLessons hooks","useCancelLesson"],"duration":53,"failing":false,"failureDetails":[],"failureMessages":[],"fullName":"useMyLessons hooks useCancelLesson handles cancellation errors","invocations":1,"location":null,"numPassingAsserts":1,"retryReasons":[],"startAt":1756243789794,"status":"passed","title":"handles cancellation errors"},{"ancestorTitles":["useMyLessons hooks","useRescheduleLesson"],"duration":2,"failing":false,"failureDetails":[],"failureMessages":[],"fullName":"useMyLessons hooks useRescheduleLesson reschedules a lesson successfully","invocations":1,"location":null,"numPassingAsserts":1,"retryReasons":[],"startAt":1756243789848,"status":"passed","title":"reschedules a lesson successfully"},{"ancestorTitles":["useMyLessons hooks","calculateCancellationFee"],"duration":1,"failing":false,"failureDetails":[],"failureMessages":[],"fullName":"useMyLessons hooks calculateCancellationFee returns 0 for cancellations more than 24 hours in advance","invocations":1,"location":null,"numPassingAsserts":2,"retryReasons":[],"startAt":1756243789850,"status":"passed","title":"returns 0 for cancellations more than 24 hours in advance"},{"ancestorTitles":["useMyLessons hooks","calculateCancellationFee"],"duration":0,"failing":false,"failureDetails":[],"failureMessages":[],"fullName":"useMyLessons hooks calculateCancellationFee returns 50% fee for cancellations between 1-24 hours","invocations":1,"location":null,"numPassingAsserts":2,"retryReasons":[],"startAt":1756243789851,"status":"passed","title":"returns 50% fee for cancellations between 1-24 hours"},{"ancestorTitles":["useMyLessons hooks","calculateCancellationFee"],"duration":0,"failing":false,"failureDetails":[],"failureMessages":[],"fullName":"useMyLessons hooks calculateCancellationFee returns 100% fee for cancellations within 1 hour","invocations":1,"location":null,"numPassingAsserts":2,"retryReasons":[],"startAt":1756243789851,"status":"passed","title":"returns 100% fee for cancellations within 1 hour"},{"ancestorTitles":["useMyLessons hooks","calculateCancellationFee"],"duration":0,"failing":false,"failureDetails":[],"failureMessages":[],"fullName":"useMyLessons hooks calculateCancellationFee handles edge cases correctly","invocations":1,"location":null,"numPassingAsserts":4,"retryReasons":[],"startAt":1756243789851,"status":"passed","title":"handles edge cases correctly"}],"endTime":1756243789852,"message":"","name":"/Users/mehdisaedi/instructly/frontend/__tests__/hooks/useMyLessons.test.tsx","startTime":1756243789474,"status":"passed","summary":""},{"assertionResults":[{"ancestorTitles":["RescheduleModal"],"duration":43,"failing":false,"failureDetails":[],"failureMessages":[],"fullName":"RescheduleModal renders modal when isOpen is true","invocations":1,"location":null,"numPassingAsserts":3,"retryReasons":[],"startAt":1756243789942,"status":"passed","title":"renders modal when isOpen is true"},{"ancestorTitles":["RescheduleModal"],"duration":1,"failing":false,"failureDetails":[],"failureMessages":[],"fullName":"RescheduleModal does not render modal when isOpen is false","invocations":1,"location":null,"numPassingAsserts":1,"retryReasons":[],"startAt":1756243789985,"status":"passed","title":"does not render modal when isOpen is false"},{"ancestorTitles":["RescheduleModal"],"duration":16,"failing":false,"failureDetails":[],"failureMessages":[],"fullName":"RescheduleModal calls onClose when X button is clicked","invocations":1,"location":null,"numPassingAsserts":2,"retryReasons":[],"startAt":1756243789986,"status":"passed","title":"calls onClose when X button is clicked"},{"ancestorTitles":["RescheduleModal"],"duration":19,"failing":false,"failureDetails":[],"failureMessages":[],"fullName":"RescheduleModal shows calendar with available dates","invocations":1,"location":null,"numPassingAsserts":2,"retryReasons":[],"startAt":1756243790002,"status":"passed","title":"shows calendar with available dates"},{"ancestorTitles":["RescheduleModal"],"duration":48,"failing":false,"failureDetails":[],"failureMessages":[],"fullName":"RescheduleModal allows selecting a date","invocations":1,"location":null,"numPassingAsserts":2,"retryReasons":[],"startAt":1756243790021,"status":"passed","title":"allows selecting a date"},{"ancestorTitles":["RescheduleModal"],"duration":46,"failing":false,"failureDetails":[],"failureMessages":[],"fullName":"RescheduleModal allows selecting a time slot","invocations":1,"location":null,"numPassingAsserts":2,"retryReasons":[],"startAt":1756243790069,"status":"passed","title":"allows selecting a time slot"},{"ancestorTitles":["RescheduleModal"],"duration":12,"failing":false,"failureDetails":[],"failureMessages":[],"fullName":"RescheduleModal disables confirm button when no time slot is selected","invocations":1,"location":null,"numPassingAsserts":1,"retryReasons":[],"startAt":1756243790115,"status":"passed","title":"disables confirm button when no time slot is selected"},{"ancestorTitles":["RescheduleModal"],"duration":9,"failing":false,"failureDetails":[],"failureMessages":[],"fullName":"RescheduleModal shows current booking date highlighted","invocations":1,"location":null,"numPassingAsserts":2,"retryReasons":[],"startAt":1756243790127,"status":"passed","title":"shows current booking date highlighted"},{"ancestorTitles":["RescheduleModal"],"duration":40,"failing":false,"failureDetails":[],"failureMessages":[],"fullName":"RescheduleModal handles reschedule mutation","invocations":1,"location":null,"numPassingAsserts":1,"retryReasons":[],"startAt":1756243790136,"status":"passed","title":"handles reschedule mutation"},{"ancestorTitles":["RescheduleModal"],"duration":11,"failing":false,"failureDetails":[],"failureMessages":[],"fullName":"RescheduleModal shows loading state during reschedule","invocations":1,"location":null,"numPassingAsserts":1,"retryReasons":[],"startAt":1756243790176,"status":"passed","title":"shows loading state during reschedule"},{"ancestorTitles":["RescheduleModal"],"duration":9,"failing":false,"failureDetails":[],"failureMessages":[],"fullName":"RescheduleModal shows chat to reschedule option","invocations":1,"location":null,"numPassingAsserts":1,"retryReasons":[],"startAt":1756243790187,"status":"passed","title":"shows chat to reschedule option"}],"endTime":1756243790196,"message":"","name":"/Users/mehdisaedi/instructly/frontend/__tests__/lessons/modals/RescheduleModal.test.tsx","startTime":1756243789855,"status":"passed","summary":""},{"assertionResults":[{"ancestorTitles":["LessonDetailsPage"],"duration":16,"failing":false,"failureDetails":[],"failureMessages":[],"fullName":"LessonDetailsPage renders lesson details correctly","invocations":1,"location":null,"numPassingAsserts":6,"retryReasons":[],"startAt":1756243790288,"status":"passed","title":"renders lesson details correctly"},{"ancestorTitles":["LessonDetailsPage"],"duration":9,"failing":false,"failureDetails":[],"failureMessages":[],"fullName":"LessonDetailsPage shows back button that navigates to My Lessons","invocations":1,"location":null,"numPassingAsserts":1,"retryReasons":[],"startAt":1756243790304,"status":"passed","title":"shows back button that navigates to My Lessons"},{"ancestorTitles":["LessonDetailsPage"],"duration":11,"failing":false,"failureDetails":[],"failureMessages":[],"fullName":"LessonDetailsPage shows reschedule and cancel buttons for upcoming lessons","invocations":1,"location":null,"numPassingAsserts":2,"retryReasons":[],"startAt":1756243790313,"status":"passed","title":"shows reschedule and cancel buttons for upcoming lessons"},{"ancestorTitles":["LessonDetailsPage"],"duration":9,"failing":false,"failureDetails":[],"failureMessages":[],"fullName":"LessonDetailsPage opens reschedule modal when reschedule button is clicked","invocations":1,"location":null,"numPassingAsserts":1,"retryReasons":[],"startAt":1756243790324,"status":"passed","title":"opens reschedule modal when reschedule button is clicked"},{"ancestorTitles":["LessonDetailsPage"],"duration":9,"failing":false,"failureDetails":[],"failureMessages":[],"fullName":"LessonDetailsPage opens cancel modal when cancel button is clicked","invocations":1,"location":null,"numPassingAsserts":1,"retryReasons":[],"startAt":1756243790333,"status":"passed","title":"opens cancel modal when cancel button is clicked"},{"ancestorTitles":["LessonDetailsPage"],"duration":24,"failing":false,"failureDetails":[],"failureMessages":[],"fullName":"LessonDetailsPage switches from cancel to reschedule modal","invocations":1,"location":null,"numPassingAsserts":3,"retryReasons":[],"startAt":1756243790343,"status":"passed","title":"switches from cancel to reschedule modal"},{"ancestorTitles":["LessonDetailsPage"],"duration":9,"failing":false,"failureDetails":[],"failureMessages":[],"fullName":"LessonDetailsPage shows completed lesson UI for completed lessons","invocations":1,"location":null,"numPassingAsserts":7,"retryReasons":[],"startAt":1756243790367,"status":"passed","title":"shows completed lesson UI for completed lessons"},{"ancestorTitles":["LessonDetailsPage"],"duration":7,"failing":false,"failureDetails":[],"failureMessages":[],"fullName":"LessonDetailsPage navigates to instructor profile when Book Again is clicked","invocations":1,"location":null,"numPassingAsserts":1,"retryReasons":[],"startAt":1756243790376,"status":"passed","title":"navigates to instructor profile when Book Again is clicked"},{"ancestorTitles":["LessonDetailsPage"],"duration":2,"failing":false,"failureDetails":[],"failureMessages":[],"fullName":"LessonDetailsPage shows loading state","invocations":1,"location":null,"numPassingAsserts":1,"retryReasons":[],"startAt":1756243790383,"status":"passed","title":"shows loading state"},{"ancestorTitles":["LessonDetailsPage"],"duration":2,"failing":false,"failureDetails":[],"failureMessages":[],"fullName":"LessonDetailsPage shows error state when lesson not found","invocations":1,"location":null,"numPassingAsserts":2,"retryReasons":[],"startAt":1756243790385,"status":"passed","title":"shows error state when lesson not found"},{"ancestorTitles":["LessonDetailsPage"],"duration":0,"failing":false,"failureDetails":[],"failureMessages":[],"fullName":"LessonDetailsPage redirects to login when not authenticated","invocations":1,"location":null,"numPassingAsserts":1,"retryReasons":[],"startAt":1756243790387,"status":"passed","title":"redirects to login when not authenticated"},{"ancestorTitles":["LessonDetailsPage"],"duration":1,"failing":false,"failureDetails":[],"failureMessages":[],"fullName":"LessonDetailsPage handles 401 error by redirecting to login","invocations":1,"location":null,"numPassingAsserts":1,"retryReasons":[],"startAt":1756243790387,"status":"passed","title":"handles 401 error by redirecting to login"},{"ancestorTitles":["LessonDetailsPage"],"duration":4,"failing":false,"failureDetails":[],"failureMessages":[],"fullName":"LessonDetailsPage shows lesson notes when available","invocations":1,"location":null,"numPassingAsserts":2,"retryReasons":[],"startAt":1756243790388,"status":"passed","title":"shows lesson notes when available"},{"ancestorTitles":["LessonDetailsPage"],"duration":6,"failing":false,"failureDetails":[],"failureMessages":[],"fullName":"LessonDetailsPage shows receipt details for completed lessons","invocations":1,"location":null,"numPassingAsserts":6,"retryReasons":[],"startAt":1756243790392,"status":"passed","title":"shows receipt details for completed lessons"},{"ancestorTitles":["LessonDetailsPage"],"duration":4,"failing":false,"failureDetails":[],"failureMessages":[],"fullName":"LessonDetailsPage shows receipt section for completed lessons","invocations":1,"location":null,"numPassingAsserts":1,"retryReasons":[],"startAt":1756243790398,"status":"passed","title":"shows receipt section for completed lessons"}],"endTime":1756243790402,"message":"","name":"/Users/mehdisaedi/instructly/frontend/__tests__/pages/lessons/LessonDetailsPage.test.tsx","startTime":1756243790212,"status":"passed","summary":""},{"assertionResults":[{"ancestorTitles":["MyLessonsPage"],"duration":17,"failing":false,"failureDetails":[],"failureMessages":[],"fullName":"MyLessonsPage renders the page with title and tabs","invocations":1,"location":null,"numPassingAsserts":3,"retryReasons":[],"startAt":1756243790471,"status":"passed","title":"renders the page with title and tabs"},{"ancestorTitles":["MyLessonsPage"],"duration":11,"failing":false,"failureDetails":[],"failureMessages":[],"fullName":"MyLessonsPage shows upcoming lessons by default","invocations":1,"location":null,"numPassingAsserts":4,"retryReasons":[],"startAt":1756243790488,"status":"passed","title":"shows upcoming lessons by default"},{"ancestorTitles":["MyLessonsPage"],"duration":21,"failing":false,"failureDetails":[],"failureMessages":[],"fullName":"MyLessonsPage switches to history tab when clicked","invocations":1,"location":null,"numPassingAsserts":1,"retryReasons":[],"startAt":1756243790499,"status":"passed","title":"switches to history tab when clicked"},{"ancestorTitles":["MyLessonsPage"],"duration":9,"failing":false,"failureDetails":[],"failureMessages":[],"fullName":"MyLessonsPage navigates to lesson details when card is clicked","invocations":1,"location":null,"numPassingAsserts":1,"retryReasons":[],"startAt":1756243790520,"status":"passed","title":"navigates to lesson details when card is clicked"},{"ancestorTitles":["MyLessonsPage"],"duration":2,"failing":false,"failureDetails":[],"failureMessages":[],"fullName":"MyLessonsPage shows loading state","invocations":1,"location":null,"numPassingAsserts":1,"retryReasons":[],"startAt":1756243790529,"status":"passed","title":"shows loading state"},{"ancestorTitles":["MyLessonsPage"],"duration":6,"failing":false,"failureDetails":[],"failureMessages":[],"fullName":"MyLessonsPage shows error state with retry button","invocations":1,"location":null,"numPassingAsserts":3,"retryReasons":[],"startAt":1756243790531,"status":"passed","title":"shows error state with retry button"},{"ancestorTitles":["MyLessonsPage"],"duration":3,"failing":false,"failureDetails":[],"failureMessages":[],"fullName":"MyLessonsPage shows empty state for upcoming lessons","invocations":1,"location":null,"numPassingAsserts":2,"retryReasons":[],"startAt":1756243790537,"status":"passed","title":"shows empty state for upcoming lessons"},{"ancestorTitles":["MyLessonsPage"],"duration":4,"failing":false,"failureDetails":[],"failureMessages":[],"fullName":"MyLessonsPage shows empty state for history","invocations":1,"location":null,"numPassingAsserts":2,"retryReasons":[],"startAt":1756243790540,"status":"passed","title":"shows empty state for history"},{"ancestorTitles":["MyLessonsPage"],"duration":1,"failing":false,"failureDetails":[],"failureMessages":[],"fullName":"MyLessonsPage redirects to login when not authenticated","invocations":1,"location":null,"numPassingAsserts":1,"retryReasons":[],"startAt":1756243790544,"status":"passed","title":"redirects to login when not authenticated"},{"ancestorTitles":["MyLessonsPage"],"duration":1,"failing":false,"failureDetails":[],"failureMessages":[],"fullName":"MyLessonsPage handles 401 error by redirecting to login","invocations":1,"location":null,"numPassingAsserts":1,"retryReasons":[],"startAt":1756243790545,"status":"passed","title":"handles 401 error by redirecting to login"},{"ancestorTitles":["MyLessonsPage"],"duration":2,"failing":false,"failureDetails":[],"failureMessages":[],"fullName":"MyLessonsPage shows loading while checking authentication","invocations":1,"location":null,"numPassingAsserts":1,"retryReasons":[],"startAt":1756243790546,"status":"passed","title":"shows loading while checking authentication"},{"ancestorTitles":["MyLessonsPage"],"duration":1,"failing":false,"failureDetails":[],"failureMessages":[],"fullName":"MyLessonsPage shows correct empty state message for upcoming lessons","invocations":1,"location":null,"numPassingAsserts":2,"retryReasons":[],"startAt":1756243790548,"status":"passed","title":"shows correct empty state message for upcoming lessons"},{"ancestorTitles":["MyLessonsPage"],"duration":22,"failing":false,"failureDetails":[],"failureMessages":[],"fullName":"MyLessonsPage maintains tab state when switching between tabs","invocations":1,"location":null,"numPassingAsserts":6,"retryReasons":[],"startAt":1756243790549,"status":"passed","title":"maintains tab state when switching between tabs"}],"endTime":1756243790571,"message":"","name":"/Users/mehdisaedi/instructly/frontend/__tests__/pages/lessons/MyLessonsPage.test.tsx","startTime":1756243790410,"status":"passed","summary":""},{"assertionResults":[{"ancestorTitles":["LessonCard"],"duration":6,"failing":false,"failureDetails":[],"failureMessages":[],"fullName":"LessonCard renders lesson card with correct information","invocations":1,"location":null,"numPassingAsserts":5,"retryReasons":[],"startAt":1756243790628,"status":"passed","title":"renders lesson card with correct information"},{"ancestorTitles":["LessonCard"],"duration":3,"failing":false,"failureDetails":[],"failureMessages":[],"fullName":"LessonCard shows no badge for upcoming confirmed lessons","invocations":1,"location":null,"numPassingAsserts":1,"retryReasons":[],"startAt":1756243790634,"status":"passed","title":"shows no badge for upcoming confirmed lessons"},{"ancestorTitles":["LessonCard"],"duration":3,"failing":false,"failureDetails":[],"failureMessages":[],"fullName":"LessonCard shows completed badge for completed lessons","invocations":1,"location":null,"numPassingAsserts":1,"retryReasons":[],"startAt":1756243790637,"status":"passed","title":"shows completed badge for completed lessons"},{"ancestorTitles":["LessonCard"],"duration":3,"failing":false,"failureDetails":[],"failureMessages":[],"fullName":"LessonCard shows cancelled badge for cancelled lessons","invocations":1,"location":null,"numPassingAsserts":1,"retryReasons":[],"startAt":1756243790640,"status":"passed","title":"shows cancelled badge for cancelled lessons"},{"ancestorTitles":["LessonCard"],"duration":2,"failing":false,"failureDetails":[],"failureMessages":[],"fullName":"LessonCard calls onViewDetails when card is clicked","invocations":1,"location":null,"numPassingAsserts":1,"retryReasons":[],"startAt":1756243790643,"status":"passed","title":"calls onViewDetails when card is clicked"},{"ancestorTitles":["LessonCard"],"duration":2,"failing":false,"failureDetails":[],"failureMessages":[],"fullName":"LessonCard applies cursor-pointer class to card","invocations":1,"location":null,"numPassingAsserts":1,"retryReasons":[],"startAt":1756243790645,"status":"passed","title":"applies cursor-pointer class to card"},{"ancestorTitles":["LessonCard"],"duration":2,"failing":false,"failureDetails":[],"failureMessages":[],"fullName":"LessonCard handles missing instructor gracefully","invocations":1,"location":null,"numPassingAsserts":1,"retryReasons":[],"startAt":1756243790647,"status":"passed","title":"handles missing instructor gracefully"},{"ancestorTitles":["LessonCard"],"duration":5,"failing":false,"failureDetails":[],"failureMessages":[],"fullName":"LessonCard shows Book Again button for completed lessons","invocations":1,"location":null,"numPassingAsserts":2,"retryReasons":[],"startAt":1756243790649,"status":"passed","title":"shows Book Again button for completed lessons"},{"ancestorTitles":["LessonCard"],"duration":3,"failing":false,"failureDetails":[],"failureMessages":[],"fullName":"LessonCard formats time correctly for different hours","invocations":1,"location":null,"numPassingAsserts":1,"retryReasons":[],"startAt":1756243790654,"status":"passed","title":"formats time correctly for different hours"},{"ancestorTitles":["LessonCard"],"duration":2,"failing":false,"failureDetails":[],"failureMessages":[],"fullName":"LessonCard shows cancellation fee information for cancelled lessons","invocations":1,"location":null,"numPassingAsserts":1,"retryReasons":[],"startAt":1756243790657,"status":"passed","title":"shows cancellation fee information for cancelled lessons"},{"ancestorTitles":["LessonCard"],"duration":1,"failing":false,"failureDetails":[],"failureMessages":[],"fullName":"LessonCard shows See lesson details link","invocations":1,"location":null,"numPassingAsserts":1,"retryReasons":[],"startAt":1756243790660,"status":"passed","title":"shows See lesson details link"},{"ancestorTitles":["LessonCard"],"duration":5,"failing":false,"failureDetails":[],"failureMessages":[],"fullName":"LessonCard prevents event bubbling when clicking action buttons","invocations":1,"location":null,"numPassingAsserts":2,"retryReasons":[],"startAt":1756243790662,"status":"passed","title":"prevents event bubbling when clicking action buttons"}],"endTime":1756243790667,"message":"","name":"/Users/mehdisaedi/instructly/frontend/__tests__/lessons/LessonCard.test.tsx","startTime":1756243790583,"status":"passed","summary":""},{"assertionResults":[{"ancestorTitles":["InstructorProfilePage"],"duration":12,"failing":false,"failureDetails":[],"failureMessages":[],"fullName":"InstructorProfilePage renders instructor header with correct information","invocations":1,"location":null,"numPassingAsserts":2,"retryReasons":[],"startAt":1756243790723,"status":"passed","title":"renders instructor header with correct information"},{"ancestorTitles":["InstructorProfilePage"],"duration":1,"failing":false,"failureDetails":[],"failureMessages":[],"fullName":"InstructorProfilePage displays loading state while fetching data","invocations":1,"location":null,"numPassingAsserts":1,"retryReasons":[],"startAt":1756243790735,"status":"passed","title":"displays loading state while fetching data"},{"ancestorTitles":["InstructorProfilePage"],"duration":0,"failing":false,"failureDetails":[],"failureMessages":[],"fullName":"InstructorProfilePage displays error state when fetch fails","invocations":1,"location":null,"numPassingAsserts":1,"retryReasons":[],"startAt":1756243790736,"status":"passed","title":"displays error state when fetch fails"},{"ancestorTitles":["InstructorProfilePage"],"duration":1,"failing":false,"failureDetails":[],"failureMessages":[],"fullName":"InstructorProfilePage displays services with correct pricing","invocations":1,"location":null,"numPassingAsserts":4,"retryReasons":[],"startAt":1756243790736,"status":"passed","title":"displays services with correct pricing"},{"ancestorTitles":["InstructorProfilePage"],"duration":3,"failing":false,"failureDetails":[],"failureMessages":[],"fullName":"InstructorProfilePage shows background check badge when instructor has completed background check","invocations":1,"location":null,"numPassingAsserts":1,"retryReasons":[],"startAt":1756243790737,"status":"passed","title":"shows background check badge when instructor has completed background check"}],"endTime":1756243790741,"message":"","name":"/Users/mehdisaedi/instructly/frontend/features/instructor-profile/__tests__/InstructorProfilePage.test.tsx","startTime":1756243790674,"status":"passed","summary":""},{"assertionResults":[{"ancestorTitles":["InstructorInfo"],"duration":5,"failing":false,"failureDetails":[],"failureMessages":[],"fullName":"InstructorInfo renders instructor information correctly","invocations":1,"location":null,"numPassingAsserts":4,"retryReasons":[],"startAt":1756243790788,"status":"passed","title":"renders instructor information correctly"},{"ancestorTitles":["InstructorInfo"],"duration":1,"failing":false,"failureDetails":[],"failureMessages":[],"fullName":"InstructorInfo renders avatar fallback glyph when no photo","invocations":1,"location":null,"numPassingAsserts":1,"retryReasons":[],"startAt":1756243790793,"status":"passed","title":"renders avatar fallback glyph when no photo"},{"ancestorTitles":["InstructorInfo"],"duration":3,"failing":false,"failureDetails":[],"failureMessages":[],"fullName":"InstructorInfo calls onChat when chat button is clicked","invocations":1,"location":null,"numPassingAsserts":1,"retryReasons":[],"startAt":1756243790795,"status":"passed","title":"calls onChat when chat button is clicked"},{"ancestorTitles":["InstructorInfo"],"duration":0,"failing":false,"failureDetails":[],"failureMessages":[],"fullName":"InstructorInfo returns null when instructor is not provided","invocations":1,"location":null,"numPassingAsserts":1,"retryReasons":[],"startAt":1756243790798,"status":"passed","title":"returns null when instructor is not provided"},{"ancestorTitles":["InstructorInfo"],"duration":2,"failing":false,"failureDetails":[],"failureMessages":[],"fullName":"InstructorInfo hides rating when rating info not provided","invocations":1,"location":null,"numPassingAsserts":2,"retryReasons":[],"startAt":1756243790798,"status":"passed","title":"hides rating when rating info not provided"},{"ancestorTitles":["InstructorInfo"],"duration":1,"failing":false,"failureDetails":[],"failureMessages":[],"fullName":"InstructorInfo handles single lesson count correctly","invocations":1,"location":null,"numPassingAsserts":1,"retryReasons":[],"startAt":1756243790800,"status":"passed","title":"handles single lesson count correctly"},{"ancestorTitles":["InstructorInfo"],"duration":1,"failing":false,"failureDetails":[],"failureMessages":[],"fullName":"InstructorInfo shows privacy-safe name for complex names","invocations":1,"location":null,"numPassingAsserts":2,"retryReasons":[],"startAt":1756243790801,"status":"passed","title":"shows privacy-safe name for complex names"},{"ancestorTitles":["InstructorInfo"],"duration":2,"failing":false,"failureDetails":[],"failureMessages":[],"fullName":"InstructorInfo shows review and tip button for completed lessons","invocations":1,"location":null,"numPassingAsserts":2,"retryReasons":[],"startAt":1756243790802,"status":"passed","title":"shows review and tip button for completed lessons"},{"ancestorTitles":["InstructorInfo"],"duration":2,"failing":false,"failureDetails":[],"failureMessages":[],"fullName":"InstructorInfo does not show review button when showReviewButton is false","invocations":1,"location":null,"numPassingAsserts":1,"retryReasons":[],"startAt":1756243790804,"status":"passed","title":"does not show review button when showReviewButton is false"},{"ancestorTitles":["InstructorInfo"],"duration":1,"failing":false,"failureDetails":[],"failureMessages":[],"fullName":"InstructorInfo does not show chat button when onChat is not provided","invocations":1,"location":null,"numPassingAsserts":1,"retryReasons":[],"startAt":1756243790806,"status":"passed","title":"does not show chat button when onChat is not provided"},{"ancestorTitles":["InstructorInfo"],"duration":2,"failing":false,"failureDetails":[],"failureMessages":[],"fullName":"InstructorInfo stops event propagation when buttons are clicked","invocations":1,"location":null,"numPassingAsserts":1,"retryReasons":[],"startAt":1756243790807,"status":"passed","title":"stops event propagation when buttons are clicked"},{"ancestorTitles":["InstructorInfo"],"duration":1,"failing":false,"failureDetails":[],"failureMessages":[],"fullName":"InstructorInfo does not show lessons completed when count is 0","invocations":1,"location":null,"numPassingAsserts":1,"retryReasons":[],"startAt":1756243790809,"status":"passed","title":"does not show lessons completed when count is 0"},{"ancestorTitles":["InstructorInfo"],"duration":1,"failing":false,"failureDetails":[],"failureMessages":[],"fullName":"InstructorInfo handles missing optional props gracefully","invocations":1,"location":null,"numPassingAsserts":3,"retryReasons":[],"startAt":1756243790810,"status":"passed","title":"handles missing optional props gracefully"}],"endTime":1756243790811,"message":"","name":"/Users/mehdisaedi/instructly/frontend/__tests__/lessons/InstructorInfo.test.tsx","startTime":1756243790747,"status":"passed","summary":""},{"assertionResults":[{"ancestorTitles":["useWeekSchedule version threading"],"duration":12,"failing":false,"failureDetails":[],"failureMessages":[],"fullName":"useWeekSchedule version threading captures ETag as version and Last-Modified from headers","invocations":1,"location":null,"numPassingAsserts":2,"retryReasons":[],"startAt":1756243790855,"status":"passed","title":"captures ETag as version and Last-Modified from headers"}],"endTime":1756243790867,"message":"","name":"/Users/mehdisaedi/instructly/frontend/hooks/__tests__/useWeekSchedule.test.ts","startTime":1756243790816,"status":"passed","summary":""},{"assertionResults":[{"ancestorTitles":["Permission-Based UI Rendering","Student User Experience"],"duration":4,"failing":false,"failureDetails":[],"failureMessages":[],"fullName":"Permission-Based UI Rendering Student User Experience should show student-specific UI elements","invocations":1,"location":null,"numPassingAsserts":4,"retryReasons":[],"startAt":1756243790911,"status":"passed","title":"should show student-specific UI elements"},{"ancestorTitles":["Permission-Based UI Rendering","Student User Experience"],"duration":1,"failing":false,"failureDetails":[],"failureMessages":[],"fullName":"Permission-Based UI Rendering Student User Experience should NOT show admin-specific UI elements","invocations":1,"location":null,"numPassingAsserts":3,"retryReasons":[],"startAt":1756243790915,"status":"passed","title":"should NOT show admin-specific UI elements"},{"ancestorTitles":["Permission-Based UI Rendering","Student User Experience"],"duration":1,"failing":false,"failureDetails":[],"failureMessages":[],"fullName":"Permission-Based UI Rendering Student User Experience should NOT show instructor-specific UI elements","invocations":1,"location":null,"numPassingAsserts":5,"retryReasons":[],"startAt":1756243790916,"status":"passed","title":"should NOT show instructor-specific UI elements"},{"ancestorTitles":["Permission-Based UI Rendering","Instructor User Experience"],"duration":2,"failing":false,"failureDetails":[],"failureMessages":[],"fullName":"Permission-Based UI Rendering Instructor User Experience should show instructor-specific UI elements","invocations":1,"location":null,"numPassingAsserts":6,"retryReasons":[],"startAt":1756243790917,"status":"passed","title":"should show instructor-specific UI elements"},{"ancestorTitles":["Permission-Based UI Rendering","Instructor User Experience"],"duration":1,"failing":false,"failureDetails":[],"failureMessages":[],"fullName":"Permission-Based UI Rendering Instructor User Experience should show shared booking elements","invocations":1,"location":null,"numPassingAsserts":1,"retryReasons":[],"startAt":1756243790919,"status":"passed","title":"should show shared booking elements"},{"ancestorTitles":["Permission-Based UI Rendering","Instructor User Experience"],"duration":1,"failing":false,"failureDetails":[],"failureMessages":[],"fullName":"Permission-Based UI Rendering Instructor User Experience should NOT show student-specific booking actions","invocations":1,"location":null,"numPassingAsserts":3,"retryReasons":[],"startAt":1756243790920,"status":"passed","title":"should NOT show student-specific booking actions"},{"ancestorTitles":["Permission-Based UI Rendering","Instructor User Experience"],"duration":1,"failing":false,"failureDetails":[],"failureMessages":[],"fullName":"Permission-Based UI Rendering Instructor User Experience should NOT show admin-specific UI elements","invocations":1,"location":null,"numPassingAsserts":3,"retryReasons":[],"startAt":1756243790921,"status":"passed","title":"should NOT show admin-specific UI elements"},{"ancestorTitles":["Permission-Based UI Rendering","Admin User Experience"],"duration":2,"failing":false,"failureDetails":[],"failureMessages":[],"fullName":"Permission-Based UI Rendering Admin User Experience should show all UI elements (admin has all permissions)","invocations":1,"location":null,"numPassingAsserts":13,"retryReasons":[],"startAt":1756243790922,"status":"passed","title":"should show all UI elements (admin has all permissions)"},{"ancestorTitles":["Permission-Based UI Rendering","Unauthenticated User Experience"],"duration":1,"failing":false,"failureDetails":[],"failureMessages":[],"fullName":"Permission-Based UI Rendering Unauthenticated User Experience should not show any protected UI elements","invocations":1,"location":null,"numPassingAsserts":7,"retryReasons":[],"startAt":1756243790924,"status":"passed","title":"should not show any protected UI elements"},{"ancestorTitles":["Permission-Based UI Rendering","Unauthenticated User Experience"],"duration":1,"failing":false,"failureDetails":[],"failureMessages":[],"fullName":"Permission-Based UI Rendering Unauthenticated User Experience should show the basic layout structure","invocations":1,"location":null,"numPassingAsserts":2,"retryReasons":[],"startAt":1756243790925,"status":"passed","title":"should show the basic layout structure"},{"ancestorTitles":["Permission-Based UI Rendering","Loading State"],"duration":1,"failing":false,"failureDetails":[],"failureMessages":[],"fullName":"Permission-Based UI Rendering Loading State should not show protected elements while loading","invocations":1,"location":null,"numPassingAsserts":3,"retryReasons":[],"startAt":1756243790926,"status":"passed","title":"should not show protected elements while loading"},{"ancestorTitles":["Permission-Based UI Rendering","Permission Edge Cases"],"duration":1,"failing":false,"failureDetails":[],"failureMessages":[],"fullName":"Permission-Based UI Rendering Permission Edge Cases should handle user with mixed permissions correctly","invocations":1,"location":null,"numPassingAsserts":5,"retryReasons":[],"startAt":1756243790927,"status":"passed","title":"should handle user with mixed permissions correctly"}],"endTime":1756243790929,"message":"","name":"/Users/mehdisaedi/instructly/frontend/__tests__/components/PermissionBasedUI.test.tsx","startTime":1756243790876,"status":"passed","summary":""},{"assertionResults":[{"ancestorTitles":["usePermissions","hasPermission"],"duration":1,"failing":false,"failureDetails":[],"failureMessages":[],"fullName":"usePermissions hasPermission should return false when user is null","invocations":1,"location":null,"numPassingAsserts":1,"retryReasons":[],"startAt":1756243790972,"status":"passed","title":"should return false when user is null"},{"ancestorTitles":["usePermissions","hasPermission"],"duration":0,"failing":false,"failureDetails":[],"failureMessages":[],"fullName":"usePermissions hasPermission should return false when user has no permissions","invocations":1,"location":null,"numPassingAsserts":1,"retryReasons":[],"startAt":1756243790973,"status":"passed","title":"should return false when user has no permissions"},{"ancestorTitles":["usePermissions","hasPermission"],"duration":0,"failing":false,"failureDetails":[],"failureMessages":[],"fullName":"usePermissions hasPermission should return true when user has the required permission","invocations":1,"location":null,"numPassingAsserts":3,"retryReasons":[],"startAt":1756243790974,"status":"passed","title":"should return true when user has the required permission"},{"ancestorTitles":["usePermissions","hasPermission"],"duration":0,"failing":false,"failureDetails":[],"failureMessages":[],"fullName":"usePermissions hasPermission should work with string permissions","invocations":1,"location":null,"numPassingAsserts":2,"retryReasons":[],"startAt":1756243790974,"status":"passed","title":"should work with string permissions"},{"ancestorTitles":["usePermissions","hasAnyPermission"],"duration":0,"failing":false,"failureDetails":[],"failureMessages":[],"fullName":"usePermissions hasAnyPermission should return false when user has none of the required permissions","invocations":1,"location":null,"numPassingAsserts":1,"retryReasons":[],"startAt":1756243790974,"status":"passed","title":"should return false when user has none of the required permissions"},{"ancestorTitles":["usePermissions","hasAnyPermission"],"duration":1,"failing":false,"failureDetails":[],"failureMessages":[],"fullName":"usePermissions hasAnyPermission should return true when user has at least one of the required permissions","invocations":1,"location":null,"numPassingAsserts":1,"retryReasons":[],"startAt":1756243790974,"status":"passed","title":"should return true when user has at least one of the required permissions"},{"ancestorTitles":["usePermissions","hasAllPermissions"],"duration":0,"failing":false,"failureDetails":[],"failureMessages":[],"fullName":"usePermissions hasAllPermissions should return false when user is missing some required permissions","invocations":1,"location":null,"numPassingAsserts":1,"retryReasons":[],"startAt":1756243790975,"status":"passed","title":"should return false when user is missing some required permissions"},{"ancestorTitles":["usePermissions","hasAllPermissions"],"duration":0,"failing":false,"failureDetails":[],"failureMessages":[],"fullName":"usePermissions hasAllPermissions should return true when user has all required permissions","invocations":1,"location":null,"numPassingAsserts":1,"retryReasons":[],"startAt":1756243790975,"status":"passed","title":"should return true when user has all required permissions"},{"ancestorTitles":["usePermissions","convenience methods"],"duration":0,"failing":false,"failureDetails":[],"failureMessages":[],"fullName":"usePermissions convenience methods canBookLessons should check CREATE_BOOKINGS permission","invocations":1,"location":null,"numPassingAsserts":1,"retryReasons":[],"startAt":1756243790975,"status":"passed","title":"canBookLessons should check CREATE_BOOKINGS permission"},{"ancestorTitles":["usePermissions","convenience methods"],"duration":1,"failing":false,"failureDetails":[],"failureMessages":[],"fullName":"usePermissions convenience methods canManageInstructorProfile should check MANAGE_INSTRUCTOR_PROFILE permission","invocations":1,"location":null,"numPassingAsserts":1,"retryReasons":[],"startAt":1756243790975,"status":"passed","title":"canManageInstructorProfile should check MANAGE_INSTRUCTOR_PROFILE permission"},{"ancestorTitles":["usePermissions","convenience methods"],"duration":0,"failing":false,"failureDetails":[],"failureMessages":[],"fullName":"usePermissions convenience methods canViewAnalytics should check both system and instructor analytics permissions","invocations":1,"location":null,"numPassingAsserts":2,"retryReasons":[],"startAt":1756243790976,"status":"passed","title":"canViewAnalytics should check both system and instructor analytics permissions"},{"ancestorTitles":["usePermissions","convenience methods"],"duration":0,"failing":false,"failureDetails":[],"failureMessages":[],"fullName":"usePermissions convenience methods isAdmin should check for admin-specific permissions","invocations":1,"location":null,"numPassingAsserts":1,"retryReasons":[],"startAt":1756243790976,"status":"passed","title":"isAdmin should check for admin-specific permissions"},{"ancestorTitles":["usePermissions","convenience methods"],"duration":1,"failing":false,"failureDetails":[],"failureMessages":[],"fullName":"usePermissions convenience methods should return raw permissions array","invocations":1,"location":null,"numPassingAsserts":1,"retryReasons":[],"startAt":1756243790976,"status":"passed","title":"should return raw permissions array"},{"ancestorTitles":["PermissionGate"],"duration":0,"failing":false,"failureDetails":[],"failureMessages":[],"fullName":"PermissionGate should render children when user has required permission","invocations":1,"location":null,"numPassingAsserts":1,"retryReasons":[],"startAt":1756243790977,"status":"passed","title":"should render children when user has required permission"},{"ancestorTitles":["PermissionGate"],"duration":1,"failing":false,"failureDetails":[],"failureMessages":[],"fullName":"PermissionGate should not render children when user lacks required permission","invocations":1,"location":null,"numPassingAsserts":1,"retryReasons":[],"startAt":1756243790977,"status":"passed","title":"should not render children when user lacks required permission"},{"ancestorTitles":["PermissionGate"],"duration":0,"failing":false,"failureDetails":[],"failureMessages":[],"fullName":"PermissionGate should render fallback when user lacks permission and fallback is provided","invocations":1,"location":null,"numPassingAsserts":2,"retryReasons":[],"startAt":1756243790978,"status":"passed","title":"should render fallback when user lacks permission and fallback is provided"},{"ancestorTitles":["PermissionGate"],"duration":0,"failing":false,"failureDetails":[],"failureMessages":[],"fullName":"PermissionGate should work with array of permissions (ANY logic)","invocations":1,"location":null,"numPassingAsserts":1,"retryReasons":[],"startAt":1756243790978,"status":"passed","title":"should work with array of permissions (ANY logic)"},{"ancestorTitles":["PermissionGate"],"duration":0,"failing":false,"failureDetails":[],"failureMessages":[],"fullName":"PermissionGate should work with array of permissions (ALL logic)","invocations":1,"location":null,"numPassingAsserts":1,"retryReasons":[],"startAt":1756243790978,"status":"passed","title":"should work with array of permissions (ALL logic)"},{"ancestorTitles":["PermissionGate"],"duration":1,"failing":false,"failureDetails":[],"failureMessages":[],"fullName":"PermissionGate should not render when requireAll=true and user lacks some permissions","invocations":1,"location":null,"numPassingAsserts":1,"retryReasons":[],"startAt":1756243790978,"status":"passed","title":"should not render when requireAll=true and user lacks some permissions"},{"ancestorTitles":["withPermission HOC"],"duration":0,"failing":false,"failureDetails":[],"failureMessages":[],"fullName":"withPermission HOC should render component when user has required permission","invocations":1,"location":null,"numPassingAsserts":1,"retryReasons":[],"startAt":1756243790979,"status":"passed","title":"should render component when user has required permission"},{"ancestorTitles":["withPermission HOC"],"duration":0,"failing":false,"failureDetails":[],"failureMessages":[],"fullName":"withPermission HOC should not render component when user lacks required permission","invocations":1,"location":null,"numPassingAsserts":1,"retryReasons":[],"startAt":1756243790979,"status":"passed","title":"should not render component when user lacks required permission"},{"ancestorTitles":["withPermission HOC"],"duration":0,"failing":false,"failureDetails":[],"failureMessages":[],"fullName":"withPermission HOC should render fallback when user lacks permission and fallback is provided","invocations":1,"location":null,"numPassingAsserts":2,"retryReasons":[],"startAt":1756243790979,"status":"passed","title":"should render fallback when user lacks permission and fallback is provided"}],"endTime":1756243790980,"message":"","name":"/Users/mehdisaedi/instructly/frontend/features/shared/hooks/__tests__/usePermissions.test.tsx","startTime":1756243790933,"status":"passed","summary":""},{"assertionResults":[{"ancestorTitles":["LessonStatus"],"duration":2,"failing":false,"failureDetails":[],"failureMessages":[],"fullName":"LessonStatus renders confirmed status as Upcoming with blue color","invocations":1,"location":null,"numPassingAsserts":2,"retryReasons":[],"startAt":1756243791019,"status":"passed","title":"renders confirmed status as Upcoming with blue color"},{"ancestorTitles":["LessonStatus"],"duration":1,"failing":false,"failureDetails":[],"failureMessages":[],"fullName":"LessonStatus renders completed status with success styling","invocations":1,"location":null,"numPassingAsserts":2,"retryReasons":[],"startAt":1756243791021,"status":"passed","title":"renders completed status with success styling"},{"ancestorTitles":["LessonStatus"],"duration":0,"failing":false,"failureDetails":[],"failureMessages":[],"fullName":"LessonStatus renders cancelled status with gray color","invocations":1,"location":null,"numPassingAsserts":2,"retryReasons":[],"startAt":1756243791022,"status":"passed","title":"renders cancelled status with gray color"},{"ancestorTitles":["LessonStatus"],"duration":2,"failing":false,"failureDetails":[],"failureMessages":[],"fullName":"LessonStatus renders no show status with amber color","invocations":1,"location":null,"numPassingAsserts":2,"retryReasons":[],"startAt":1756243791022,"status":"passed","title":"renders no show status with amber color"},{"ancestorTitles":["LessonStatus"],"duration":0,"failing":false,"failureDetails":[],"failureMessages":[],"fullName":"LessonStatus renders with correct badge structure","invocations":1,"location":null,"numPassingAsserts":1,"retryReasons":[],"startAt":1756243791024,"status":"passed","title":"renders with correct badge structure"},{"ancestorTitles":["LessonStatus"],"duration":1,"failing":false,"failureDetails":[],"failureMessages":[],"fullName":"LessonStatus shows icon for each status","invocations":1,"location":null,"numPassingAsserts":2,"retryReasons":[],"startAt":1756243791024,"status":"passed","title":"shows icon for each status"},{"ancestorTitles":["LessonStatus"],"duration":0,"failing":false,"failureDetails":[],"failureMessages":[],"fullName":"LessonStatus shows just Cancelled for cancelled status","invocations":1,"location":null,"numPassingAsserts":1,"retryReasons":[],"startAt":1756243791025,"status":"passed","title":"shows just Cancelled for cancelled status"},{"ancestorTitles":["LessonStatus"],"duration":0,"failing":false,"failureDetails":[],"failureMessages":[],"fullName":"LessonStatus applies correct styling for all elements","invocations":1,"location":null,"numPassingAsserts":8,"retryReasons":[],"startAt":1756243791026,"status":"passed","title":"applies correct styling for all elements"}],"endTime":1756243791026,"message":"","name":"/Users/mehdisaedi/instructly/frontend/__tests__/lessons/LessonStatus.test.tsx","startTime":1756243790983,"status":"passed","summary":""},{"assertionResults":[{"ancestorTitles":["useDeviceContext"],"duration":2,"failing":false,"failureDetails":[],"failureMessages":[],"fullName":"useDeviceContext should capture device context on mount","invocations":1,"location":null,"numPassingAsserts":9,"retryReasons":[],"startAt":1756243791070,"status":"passed","title":"should capture device context on mount"},{"ancestorTitles":["useDeviceContext"],"duration":0,"failing":false,"failureDetails":[],"failureMessages":[],"fullName":"useDeviceContext should provide refresh method","invocations":1,"location":null,"numPassingAsserts":1,"retryReasons":[],"startAt":1756243791072,"status":"passed","title":"should provide refresh method"},{"ancestorTitles":["useDeviceContext"],"duration":1,"failing":false,"failureDetails":[],"failureMessages":[],"fullName":"useDeviceContext should call onChange callback when context changes","invocations":1,"location":null,"numPassingAsserts":1,"retryReasons":[],"startAt":1756243791072,"status":"passed","title":"should call onChange callback when context changes"},{"ancestorTitles":["useDeviceContext"],"duration":0,"failing":false,"failureDetails":[],"failureMessages":[],"fullName":"useDeviceContext should set up monitoring when enabled","invocations":1,"location":null,"numPassingAsserts":2,"retryReasons":[],"startAt":1756243791073,"status":"passed","title":"should set up monitoring when enabled"},{"ancestorTitles":["useDeviceContext"],"duration":1,"failing":false,"failureDetails":[],"failureMessages":[],"fullName":"useDeviceContext should not set up monitoring when disabled","invocations":1,"location":null,"numPassingAsserts":2,"retryReasons":[],"startAt":1756243791073,"status":"passed","title":"should not set up monitoring when disabled"},{"ancestorTitles":["useDeviceContext"],"duration":1,"failing":false,"failureDetails":[],"failureMessages":[],"fullName":"useDeviceContext should handle viewport resize with debouncing","invocations":1,"location":null,"numPassingAsserts":2,"retryReasons":[],"startAt":1756243791074,"status":"passed","title":"should handle viewport resize with debouncing"},{"ancestorTitles":["useDeviceContext"],"duration":0,"failing":false,"failureDetails":[],"failureMessages":[],"fullName":"useDeviceContext should handle visibility change","invocations":1,"location":null,"numPassingAsserts":1,"retryReasons":[],"startAt":1756243791075,"status":"passed","title":"should handle visibility change"},{"ancestorTitles":["useDeviceContext"],"duration":0,"failing":false,"failureDetails":[],"failureMessages":[],"fullName":"useDeviceContext should cleanup on unmount","invocations":1,"location":null,"numPassingAsserts":1,"retryReasons":[],"startAt":1756243791075,"status":"passed","title":"should cleanup on unmount"},{"ancestorTitles":["useViewportCategory"],"duration":1,"failing":false,"failureDetails":[],"failureMessages":[],"fullName":"useViewportCategory should provide viewport category helpers","invocations":1,"location":null,"numPassingAsserts":9,"retryReasons":[],"startAt":1756243791075,"status":"passed","title":"should provide viewport category helpers"},{"ancestorTitles":["useViewportCategory"],"duration":0,"failing":false,"failureDetails":[],"failureMessages":[],"fullName":"useViewportCategory should identify mobile viewports correctly","invocations":1,"location":null,"numPassingAsserts":3,"retryReasons":[],"startAt":1756243791076,"status":"passed","title":"should identify mobile viewports correctly"},{"ancestorTitles":["useViewportCategory"],"duration":0,"failing":false,"failureDetails":[],"failureMessages":[],"fullName":"useViewportCategory should identify desktop viewports correctly","invocations":1,"location":null,"numPassingAsserts":3,"retryReasons":[],"startAt":1756243791076,"status":"passed","title":"should identify desktop viewports correctly"},{"ancestorTitles":["usePerformanceMode"],"duration":1,"failing":false,"failureDetails":[],"failureMessages":[],"fullName":"usePerformanceMode should provide performance mode for high-end device","invocations":1,"location":null,"numPassingAsserts":5,"retryReasons":[],"startAt":1756243791076,"status":"passed","title":"should provide performance mode for high-end device"},{"ancestorTitles":["usePerformanceMode"],"duration":0,"failing":false,"failureDetails":[],"failureMessages":[],"fullName":"usePerformanceMode should provide performance mode for low-end device","invocations":1,"location":null,"numPassingAsserts":5,"retryReasons":[],"startAt":1756243791077,"status":"passed","title":"should provide performance mode for low-end device"},{"ancestorTitles":["usePerformanceMode"],"duration":0,"failing":false,"failureDetails":[],"failureMessages":[],"fullName":"usePerformanceMode should handle medium connection quality","invocations":1,"location":null,"numPassingAsserts":3,"retryReasons":[],"startAt":1756243791077,"status":"passed","title":"should handle medium connection quality"},{"ancestorTitles":["useDeviceFeatures"],"duration":1,"failing":false,"failureDetails":[],"failureMessages":[],"fullName":"useDeviceFeatures should detect device features","invocations":1,"location":null,"numPassingAsserts":8,"retryReasons":[],"startAt":1756243791077,"status":"passed","title":"should detect device features"},{"ancestorTitles":["useDeviceFeatures"],"duration":0,"failing":false,"failureDetails":[],"failureMessages":[],"fullName":"useDeviceFeatures should detect standalone mode","invocations":1,"location":null,"numPassingAsserts":1,"retryReasons":[],"startAt":1756243791078,"status":"passed","title":"should detect standalone mode"},{"ancestorTitles":["useDeviceFeatures"],"duration":0,"failing":false,"failureDetails":[],"failureMessages":[],"fullName":"useDeviceFeatures should handle missing features gracefully","invocations":1,"location":null,"numPassingAsserts":5,"retryReasons":[],"startAt":1756243791078,"status":"passed","title":"should handle missing features gracefully"}],"endTime":1756243791079,"message":"","name":"/Users/mehdisaedi/instructly/frontend/hooks/__tests__/useDeviceContext.test.tsx","startTime":1756243791030,"status":"passed","summary":""},{"assertionResults":[{"ancestorTitles":["useAdminAuth"],"duration":2,"failing":false,"failureDetails":[],"failureMessages":[],"fullName":"useAdminAuth should not redirect while loading","invocations":1,"location":null,"numPassingAsserts":3,"retryReasons":[],"startAt":1756243791118,"status":"passed","title":"should not redirect while loading"},{"ancestorTitles":["useAdminAuth"],"duration":0,"failing":false,"failureDetails":[],"failureMessages":[],"fullName":"useAdminAuth should redirect to login when not authenticated and no token in localStorage","invocations":1,"location":null,"numPassingAsserts":1,"retryReasons":[],"startAt":1756243791120,"status":"passed","title":"should redirect to login when not authenticated and no token in localStorage"},{"ancestorTitles":["useAdminAuth"],"duration":1,"failing":false,"failureDetails":[],"failureMessages":[],"fullName":"useAdminAuth should not redirect to login when token exists in localStorage","invocations":1,"location":null,"numPassingAsserts":1,"retryReasons":[],"startAt":1756243791120,"status":"passed","title":"should not redirect to login when token exists in localStorage"},{"ancestorTitles":["useAdminAuth"],"duration":0,"failing":false,"failureDetails":[],"failureMessages":[],"fullName":"useAdminAuth should redirect to home when user lacks admin permissions","invocations":1,"location":null,"numPassingAsserts":1,"retryReasons":[],"startAt":1756243791121,"status":"passed","title":"should redirect to home when user lacks admin permissions"},{"ancestorTitles":["useAdminAuth"],"duration":1,"failing":false,"failureDetails":[],"failureMessages":[],"fullName":"useAdminAuth should not redirect when user has admin permissions","invocations":1,"location":null,"numPassingAsserts":3,"retryReasons":[],"startAt":1756243791121,"status":"passed","title":"should not redirect when user has admin permissions"},{"ancestorTitles":["useAdminAuth"],"duration":0,"failing":false,"failureDetails":[],"failureMessages":[],"fullName":"useAdminAuth should return correct isAdmin value based on permissions","invocations":1,"location":null,"numPassingAsserts":1,"retryReasons":[],"startAt":1756243791122,"status":"passed","title":"should return correct isAdmin value based on permissions"},{"ancestorTitles":["useAdminAuth"],"duration":0,"failing":false,"failureDetails":[],"failureMessages":[],"fullName":"useAdminAuth should handle state changes and re-evaluate permissions","invocations":1,"location":null,"numPassingAsserts":3,"retryReasons":[],"startAt":1756243791122,"status":"passed","title":"should handle state changes and re-evaluate permissions"}],"endTime":1756243791122,"message":"","name":"/Users/mehdisaedi/instructly/frontend/hooks/__tests__/useAdminAuth.test.ts","startTime":1756243791082,"status":"passed","summary":""},{"assertionResults":[{"ancestorTitles":["Search Tracking","recordSearch"],"duration":1,"failing":false,"failureDetails":[],"failureMessages":[],"fullName":"Search Tracking recordSearch should track natural language search (#1) correctly","invocations":1,"location":null,"numPassingAsserts":6,"retryReasons":[],"startAt":1756243791148,"status":"passed","title":"should track natural language search (#1) correctly"},{"ancestorTitles":["Search Tracking","recordSearch"],"duration":1,"failing":false,"failureDetails":[],"failureMessages":[],"fullName":"Search Tracking recordSearch should track category selection (#2) correctly","invocations":1,"location":null,"numPassingAsserts":8,"retryReasons":[],"startAt":1756243791149,"status":"passed","title":"should track category selection (#2) correctly"},{"ancestorTitles":["Search Tracking","recordSearch"],"duration":0,"failing":false,"failureDetails":[],"failureMessages":[],"fullName":"Search Tracking recordSearch should track service pill selection (#3) correctly","invocations":1,"location":null,"numPassingAsserts":6,"retryReasons":[],"startAt":1756243791150,"status":"passed","title":"should track service pill selection (#3) correctly"},{"ancestorTitles":["Search Tracking","recordSearch"],"duration":4,"failing":false,"failureDetails":[],"failureMessages":[],"fullName":"Search Tracking recordSearch should track search history click (#5) correctly","invocations":1,"location":null,"numPassingAsserts":6,"retryReasons":[],"startAt":1756243791150,"status":"passed","title":"should track search history click (#5) correctly"},{"ancestorTitles":["Search Tracking","recordSearch"],"duration":0,"failing":false,"failureDetails":[],"failureMessages":[],"fullName":"Search Tracking recordSearch should use navigationFrom for correct referrer tracking","invocations":1,"location":null,"numPassingAsserts":2,"retryReasons":[],"startAt":1756243791155,"status":"passed","title":"should use navigationFrom for correct referrer tracking"},{"ancestorTitles":["Search Tracking","recordSearch"],"duration":0,"failing":false,"failureDetails":[],"failureMessages":[],"fullName":"Search Tracking recordSearch should handle authenticated users correctly","invocations":1,"location":null,"numPassingAsserts":4,"retryReasons":[],"startAt":1756243791155,"status":"passed","title":"should handle authenticated users correctly"},{"ancestorTitles":["Search Tracking","recordSearch"],"duration":1,"failing":false,"failureDetails":[],"failureMessages":[],"fullName":"Search Tracking recordSearch should handle API errors gracefully","invocations":1,"location":null,"numPassingAsserts":1,"retryReasons":[],"startAt":1756243791155,"status":"passed","title":"should handle API errors gracefully"},{"ancestorTitles":["Search Tracking","trackSearchInteraction"],"duration":0,"failing":false,"failureDetails":[],"failureMessages":[],"fullName":"Search Tracking trackSearchInteraction should track search result clicks correctly","invocations":1,"location":null,"numPassingAsserts":6,"retryReasons":[],"startAt":1756243791156,"status":"passed","title":"should track search result clicks correctly"},{"ancestorTitles":["Search Tracking","trackSearchInteraction"],"duration":0,"failing":false,"failureDetails":[],"failureMessages":[],"fullName":"Search Tracking trackSearchInteraction should track search interaction with time to interaction","invocations":1,"location":null,"numPassingAsserts":6,"retryReasons":[],"startAt":1756243791156,"status":"passed","title":"should track search interaction with time to interaction"},{"ancestorTitles":["Search Tracking","Edge Cases"],"duration":0,"failing":false,"failureDetails":[],"failureMessages":[],"fullName":"Search Tracking Edge Cases should handle missing device context gracefully","invocations":1,"location":null,"numPassingAsserts":1,"retryReasons":[],"startAt":1756243791156,"status":"passed","title":"should handle missing device context gracefully"},{"ancestorTitles":["Search Tracking","Edge Cases"],"duration":1,"failing":false,"failureDetails":[],"failureMessages":[],"fullName":"Search Tracking Edge Cases should handle network failures gracefully","invocations":1,"location":null,"numPassingAsserts":1,"retryReasons":[],"startAt":1756243791156,"status":"passed","title":"should handle network failures gracefully"}],"endTime":1756243791157,"message":"","name":"/Users/mehdisaedi/instructly/frontend/lib/__tests__/searchTracking.test.ts","startTime":1756243791125,"status":"passed","summary":""},{"assertionResults":[{"ancestorTitles":["captureDeviceContext"],"duration":1,"failing":false,"failureDetails":[],"failureMessages":[],"fullName":"captureDeviceContext should capture screen information","invocations":1,"location":null,"numPassingAsserts":6,"retryReasons":[],"startAt":1756243791182,"status":"passed","title":"should capture screen information"},{"ancestorTitles":["captureDeviceContext"],"duration":0,"failing":false,"failureDetails":[],"failureMessages":[],"fullName":"captureDeviceContext should capture device capabilities","invocations":1,"location":null,"numPassingAsserts":4,"retryReasons":[],"startAt":1756243791183,"status":"passed","title":"should capture device capabilities"},{"ancestorTitles":["captureDeviceContext"],"duration":0,"failing":false,"failureDetails":[],"failureMessages":[],"fullName":"captureDeviceContext should capture connection information","invocations":1,"location":null,"numPassingAsserts":4,"retryReasons":[],"startAt":1756243791183,"status":"passed","title":"should capture connection information"},{"ancestorTitles":["captureDeviceContext"],"duration":0,"failing":false,"failureDetails":[],"failureMessages":[],"fullName":"captureDeviceContext should capture browser features","invocations":1,"location":null,"numPassingAsserts":6,"retryReasons":[],"startAt":1756243791183,"status":"passed","title":"should capture browser features"},{"ancestorTitles":["captureDeviceContext"],"duration":1,"failing":false,"failureDetails":[],"failureMessages":[],"fullName":"captureDeviceContext should capture timing and additional context","invocations":1,"location":null,"numPassingAsserts":5,"retryReasons":[],"startAt":1756243791183,"status":"passed","title":"should capture timing and additional context"},{"ancestorTitles":["captureDeviceContext"],"duration":0,"failing":false,"failureDetails":[],"failureMessages":[],"fullName":"captureDeviceContext should handle missing navigator.connection","invocations":1,"location":null,"numPassingAsserts":4,"retryReasons":[],"startAt":1756243791184,"status":"passed","title":"should handle missing navigator.connection"},{"ancestorTitles":["getDeviceType"],"duration":0,"failing":false,"failureDetails":[],"failureMessages":[],"fullName":"getDeviceType should identify mobile device","invocations":1,"location":null,"numPassingAsserts":1,"retryReasons":[],"startAt":1756243791184,"status":"passed","title":"should identify mobile device"},{"ancestorTitles":["getDeviceType"],"duration":0,"failing":false,"failureDetails":[],"failureMessages":[],"fullName":"getDeviceType should identify tablet device","invocations":1,"location":null,"numPassingAsserts":1,"retryReasons":[],"startAt":1756243791184,"status":"passed","title":"should identify tablet device"},{"ancestorTitles":["getDeviceType"],"duration":0,"failing":false,"failureDetails":[],"failureMessages":[],"fullName":"getDeviceType should identify desktop device","invocations":1,"location":null,"numPassingAsserts":1,"retryReasons":[],"startAt":1756243791184,"status":"passed","title":"should identify desktop device"},{"ancestorTitles":["getDeviceType"],"duration":0,"failing":false,"failureDetails":[],"failureMessages":[],"fullName":"getDeviceType should identify large touch devices as mobile","invocations":1,"location":null,"numPassingAsserts":1,"retryReasons":[],"startAt":1756243791184,"status":"passed","title":"should identify large touch devices as mobile"},{"ancestorTitles":["getConnectionQuality"],"duration":0,"failing":false,"failureDetails":[],"failureMessages":[],"fullName":"getConnectionQuality should return fast for 4g effective type","invocations":1,"location":null,"numPassingAsserts":1,"retryReasons":[],"startAt":1756243791184,"status":"passed","title":"should return fast for 4g effective type"},{"ancestorTitles":["getConnectionQuality"],"duration":0,"failing":false,"failureDetails":[],"failureMessages":[],"fullName":"getConnectionQuality should return medium for 3g effective type","invocations":1,"location":null,"numPassingAsserts":1,"retryReasons":[],"startAt":1756243791184,"status":"passed","title":"should return medium for 3g effective type"},{"ancestorTitles":["getConnectionQuality"],"duration":0,"failing":false,"failureDetails":[],"failureMessages":[],"fullName":"getConnectionQuality should return slow for 2g effective type","invocations":1,"location":null,"numPassingAsserts":1,"retryReasons":[],"startAt":1756243791184,"status":"passed","title":"should return slow for 2g effective type"},{"ancestorTitles":["getConnectionQuality"],"duration":0,"failing":false,"failureDetails":[],"failureMessages":[],"fullName":"getConnectionQuality should use downlink speed when effective type not available","invocations":1,"location":null,"numPassingAsserts":3,"retryReasons":[],"startAt":1756243791184,"status":"passed","title":"should use downlink speed when effective type not available"},{"ancestorTitles":["getConnectionQuality"],"duration":0,"failing":false,"failureDetails":[],"failureMessages":[],"fullName":"getConnectionQuality should use RTT when other metrics not available","invocations":1,"location":null,"numPassingAsserts":3,"retryReasons":[],"startAt":1756243791184,"status":"passed","title":"should use RTT when other metrics not available"},{"ancestorTitles":["getConnectionQuality"],"duration":1,"failing":false,"failureDetails":[],"failureMessages":[],"fullName":"getConnectionQuality should return unknown when no metrics available","invocations":1,"location":null,"numPassingAsserts":1,"retryReasons":[],"startAt":1756243791184,"status":"passed","title":"should return unknown when no metrics available"},{"ancestorTitles":["isLowEndDevice"],"duration":0,"failing":false,"failureDetails":[],"failureMessages":[],"fullName":"isLowEndDevice should identify low memory device","invocations":1,"location":null,"numPassingAsserts":1,"retryReasons":[],"startAt":1756243791185,"status":"passed","title":"should identify low memory device"},{"ancestorTitles":["isLowEndDevice"],"duration":0,"failing":false,"failureDetails":[],"failureMessages":[],"fullName":"isLowEndDevice should identify low CPU device","invocations":1,"location":null,"numPassingAsserts":1,"retryReasons":[],"startAt":1756243791185,"status":"passed","title":"should identify low CPU device"},{"ancestorTitles":["isLowEndDevice"],"duration":0,"failing":false,"failureDetails":[],"failureMessages":[],"fullName":"isLowEndDevice should identify slow connection as low-end","invocations":1,"location":null,"numPassingAsserts":1,"retryReasons":[],"startAt":1756243791185,"status":"passed","title":"should identify slow connection as low-end"},{"ancestorTitles":["isLowEndDevice"],"duration":0,"failing":false,"failureDetails":[],"failureMessages":[],"fullName":"isLowEndDevice should not identify high-end device as low-end","invocations":1,"location":null,"numPassingAsserts":1,"retryReasons":[],"startAt":1756243791185,"status":"passed","title":"should not identify high-end device as low-end"},{"ancestorTitles":["getViewportCategory"],"duration":0,"failing":false,"failureDetails":[],"failureMessages":[],"fullName":"getViewportCategory should categorize viewport sizes correctly","invocations":1,"location":null,"numPassingAsserts":10,"retryReasons":[],"startAt":1756243791185,"status":"passed","title":"should categorize viewport sizes correctly"},{"ancestorTitles":["formatDeviceContextForAnalytics"],"duration":0,"failing":false,"failureDetails":[],"failureMessages":[],"fullName":"formatDeviceContextForAnalytics should format context for analytics","invocations":1,"location":null,"numPassingAsserts":16,"retryReasons":[],"startAt":1756243791185,"status":"passed","title":"should format context for analytics"},{"ancestorTitles":["formatDeviceContextForAnalytics"],"duration":1,"failing":false,"failureDetails":[],"failureMessages":[],"fullName":"formatDeviceContextForAnalytics should handle touch device formatting","invocations":1,"location":null,"numPassingAsserts":3,"retryReasons":[],"startAt":1756243791185,"status":"passed","title":"should handle touch device formatting"}],"endTime":1756243791186,"message":"","name":"/Users/mehdisaedi/instructly/frontend/lib/__tests__/deviceContext.test.ts","startTime":1756243791160,"status":"passed","summary":""}],"wasInterrupted":false}
